{"level":30,"time":1760008922550,"pid":11536,"hostname":"Aravind","msg":"Server running in development mode at port 3000"}
{"level":30,"time":1760009097070,"pid":2708,"hostname":"Aravind","msg":"Server running in development mode at port 3000"}
{"level":30,"time":1760009845452,"pid":9964,"hostname":"Aravind","msg":"Server running in development mode at port 3000"}
{"level":30,"time":1760009933798,"pid":21284,"hostname":"Aravind","msg":"Server running in development mode at port 3000"}
{"level":30,"time":1760009958090,"pid":18860,"hostname":"Aravind","msg":"Server running in development mode at port 3000"}
{"level":30,"time":1760009999647,"pid":25172,"hostname":"Aravind","msg":"Server running in development mode at port 3000"}
{"level":30,"time":1760010006037,"pid":22492,"hostname":"Aravind","msg":"Server running in development mode at port 3000"}
{"level":30,"time":1760010023852,"pid":24976,"hostname":"Aravind","msg":"Server running in development mode at port 3000"}
{"level":30,"time":1760010037791,"pid":25504,"hostname":"Aravind","msg":"Server running in development mode at port 3000"}
{"level":30,"time":1760010069028,"pid":10964,"hostname":"Aravind","msg":"Server running in development mode at port 3000"}
{"level":30,"time":1760010081403,"pid":4456,"hostname":"Aravind","msg":"Server running in development mode at port 3000"}
{"level":30,"time":1760010114418,"pid":24012,"hostname":"Aravind","msg":"Server running in development mode at port 3000"}
{"level":30,"time":1760010170520,"pid":7764,"hostname":"Aravind","msg":"Server running in development mode at port 3000"}
{"level":30,"time":1760010183349,"pid":6804,"hostname":"Aravind","msg":"Server running in development mode at port 3000"}
{"level":50,"time":1760010387991,"pid":6804,"hostname":"Aravind","msg":"Cannot apply for verification. Please complete your profile before submitting."}
{"level":30,"time":1760010598877,"pid":24728,"hostname":"Aravind","msg":"Server running in development mode at port 3000"}
{"level":30,"time":1760010766683,"pid":5864,"hostname":"Aravind","msg":"Server running in development mode at port 3000"}
{"level":30,"time":1760010997376,"pid":16020,"hostname":"Aravind","msg":"Server running in development mode at port 3000"}
{"level":30,"time":1760011038363,"pid":24664,"hostname":"Aravind","msg":"Server running in development mode at port 3000"}
{"level":30,"time":1760011107503,"pid":16676,"hostname":"Aravind","msg":"Server running in development mode at port 3000"}
{"level":30,"time":1760011147520,"pid":7040,"hostname":"Aravind","msg":"Server running in development mode at port 3000"}
{"level":30,"time":1760011163984,"pid":4160,"hostname":"Aravind","msg":"Server running in development mode at port 3000"}
{"level":30,"time":1760011169610,"pid":16140,"hostname":"Aravind","msg":"Server running in development mode at port 3000"}
{"level":30,"time":1760011186723,"pid":11032,"hostname":"Aravind","msg":"Server running in development mode at port 3000"}
{"level":30,"time":1760011221409,"pid":22156,"hostname":"Aravind","msg":"Server running in development mode at port 3000"}
{"level":30,"time":1760011303424,"pid":232,"hostname":"Aravind","msg":"Server running in development mode at port 3000"}
{"level":30,"time":1760011316253,"pid":15080,"hostname":"Aravind","msg":"Server running in development mode at port 3000"}
{"level":30,"time":1760011324079,"pid":932,"hostname":"Aravind","msg":"Server running in development mode at port 3000"}
{"level":30,"time":1760011348797,"pid":3372,"hostname":"Aravind","msg":"Server running in development mode at port 3000"}
{"level":30,"time":1760011444050,"pid":2884,"hostname":"Aravind","msg":"Server running in development mode at port 3000"}
{"level":30,"time":1760011457820,"pid":25392,"hostname":"Aravind","msg":"Server running in development mode at port 3000"}
{"level":30,"time":1760011469887,"pid":24584,"hostname":"Aravind","msg":"Server running in development mode at port 3000"}
{"level":30,"time":1760011496737,"pid":22780,"hostname":"Aravind","msg":"Server running in development mode at port 3000"}
{"level":30,"time":1760011520569,"pid":9012,"hostname":"Aravind","msg":"Server running in development mode at port 3000"}
{"level":30,"time":1760011546032,"pid":21764,"hostname":"Aravind","msg":"Server running in development mode at port 3000"}
{"level":30,"time":1760011640562,"pid":16512,"hostname":"Aravind","msg":"Server running in development mode at port 3000"}
{"level":30,"time":1760011664049,"pid":1612,"hostname":"Aravind","msg":"Server running in development mode at port 3000"}
{"level":30,"time":1760011682147,"pid":7060,"hostname":"Aravind","msg":"Server running in development mode at port 3000"}
{"level":30,"time":1760011693168,"pid":12784,"hostname":"Aravind","msg":"Server running in development mode at port 3000"}
{"level":30,"time":1760011705773,"pid":25112,"hostname":"Aravind","msg":"Server running in development mode at port 3000"}
{"level":30,"time":1760011716840,"pid":15612,"hostname":"Aravind","msg":"Server running in development mode at port 3000"}
{"level":30,"time":1760011730399,"pid":4628,"hostname":"Aravind","msg":"Server running in development mode at port 3000"}
{"level":30,"time":1760011775177,"pid":24796,"hostname":"Aravind","msg":"Server running in development mode at port 3000"}
{"level":30,"time":1760011789658,"pid":10892,"hostname":"Aravind","msg":"Server running in development mode at port 3000"}
{"level":30,"time":1760011798785,"pid":16008,"hostname":"Aravind","msg":"Server running in development mode at port 3000"}
{"level":30,"time":1760011816930,"pid":25564,"hostname":"Aravind","msg":"Server running in development mode at port 3000"}
{"level":30,"time":1760011832310,"pid":24488,"hostname":"Aravind","msg":"Server running in development mode at port 3000"}
{"level":30,"time":1760011872753,"pid":6024,"hostname":"Aravind","msg":"Server running in development mode at port 3000"}
{"level":30,"time":1760011899301,"pid":15140,"hostname":"Aravind","msg":"Server running in development mode at port 3000"}
{"level":30,"time":1760011909986,"pid":19168,"hostname":"Aravind","msg":"Server running in development mode at port 3000"}
{"level":30,"time":1760011922791,"pid":14372,"hostname":"Aravind","msg":"Server running in development mode at port 3000"}
{"level":30,"time":1760011939313,"pid":7488,"hostname":"Aravind","msg":"Server running in development mode at port 3000"}
{"level":30,"time":1760011949697,"pid":952,"hostname":"Aravind","msg":"Server running in development mode at port 3000"}
{"level":30,"time":1760011991395,"pid":9908,"hostname":"Aravind","msg":"Server running in development mode at port 3000"}
{"level":30,"time":1760012034161,"pid":18512,"hostname":"Aravind","msg":"Server running in development mode at port 3000"}
{"level":30,"time":1760012047660,"pid":22820,"hostname":"Aravind","msg":"Server running in development mode at port 3000"}
{"level":30,"time":1760012083908,"pid":25332,"hostname":"Aravind","msg":"Server running in development mode at port 3000"}
{"level":30,"time":1760012146669,"pid":25228,"hostname":"Aravind","msg":"Server running in development mode at port 3000"}
{"level":30,"time":1760012177473,"pid":11324,"hostname":"Aravind","msg":"Server running in development mode at port 3000"}
{"level":30,"time":1760012197927,"pid":1660,"hostname":"Aravind","msg":"Server running in development mode at port 3000"}
{"level":30,"time":1760012215527,"pid":24592,"hostname":"Aravind","msg":"Server running in development mode at port 3000"}
{"level":30,"time":1760012292887,"pid":6112,"hostname":"Aravind","msg":"Server running in development mode at port 3000"}
{"level":30,"time":1760012312740,"pid":2040,"hostname":"Aravind","msg":"Server running in development mode at port 3000"}
{"level":30,"time":1760012351856,"pid":2164,"hostname":"Aravind","msg":"Server running in development mode at port 3000"}
{"level":30,"time":1760152743927,"pid":10384,"hostname":"Aravind","msg":"Server running in development mode at port 3000"}
{"level":30,"time":1760152831673,"pid":21404,"hostname":"Aravind","msg":"Server running in development mode at port 3000"}
{"level":30,"time":1760152881678,"pid":20764,"hostname":"Aravind","msg":"Server running in development mode at port 3000"}
{"level":30,"time":1760152946657,"pid":18192,"hostname":"Aravind","msg":"Server running in development mode at port 3000"}
{"level":30,"time":1760152975104,"pid":12360,"hostname":"Aravind","msg":"Server running in development mode at port 3000"}
{"level":30,"time":1760153069625,"pid":2368,"hostname":"Aravind","msg":"Server running in development mode at port 3000"}
{"level":30,"time":1760153082511,"pid":21404,"hostname":"Aravind","msg":"Server running in development mode at port 3000"}
{"level":30,"time":1760153106386,"pid":14652,"hostname":"Aravind","msg":"Server running in development mode at port 3000"}
{"level":30,"time":1760153120165,"pid":10584,"hostname":"Aravind","msg":"Server running in development mode at port 3000"}
{"level":30,"time":1760153189021,"pid":3064,"hostname":"Aravind","msg":"Server running in development mode at port 3000"}
{"level":30,"time":1760153215888,"pid":12836,"hostname":"Aravind","msg":"Server running in development mode at port 3000"}
{"level":30,"time":1760153248897,"pid":12224,"hostname":"Aravind","msg":"Server running in development mode at port 3000"}
{"level":30,"time":1760153281784,"pid":6844,"hostname":"Aravind","msg":"Server running in development mode at port 3000"}
{"level":30,"time":1760153324096,"pid":3528,"hostname":"Aravind","msg":"Server running in development mode at port 3000"}
{"level":30,"time":1760153333005,"pid":20792,"hostname":"Aravind","msg":"Server running in development mode at port 3000"}
{"level":30,"time":1760153357589,"pid":2816,"hostname":"Aravind","msg":"Server running in development mode at port 3000"}
{"level":30,"time":1760153363000,"pid":1432,"hostname":"Aravind","msg":"Server running in development mode at port 3000"}
{"level":30,"time":1760153388604,"pid":18604,"hostname":"Aravind","msg":"Server running in development mode at port 3000"}
{"level":30,"time":1760153419752,"pid":11444,"hostname":"Aravind","msg":"Server running in development mode at port 3000"}
{"level":30,"time":1760153429673,"pid":396,"hostname":"Aravind","msg":"Server running in development mode at port 3000"}
{"level":30,"time":1760153436710,"pid":14396,"hostname":"Aravind","msg":"Server running in development mode at port 3000"}
{"level":30,"time":1760153456058,"pid":13024,"hostname":"Aravind","msg":"Server running in development mode at port 3000"}
{"level":30,"time":1760153463827,"pid":2776,"hostname":"Aravind","msg":"Server running in development mode at port 3000"}
{"level":30,"time":1760153487299,"pid":17372,"hostname":"Aravind","msg":"Server running in development mode at port 3000"}
{"level":30,"time":1760153515120,"pid":16580,"hostname":"Aravind","msg":"Server running in development mode at port 3000"}
{"level":30,"time":1760153544523,"pid":20828,"hostname":"Aravind","msg":"Server running in development mode at port 3000"}
{"level":30,"time":1760153581353,"pid":8400,"hostname":"Aravind","msg":"Server running in development mode at port 3000"}
{"level":30,"time":1760153592496,"pid":9868,"hostname":"Aravind","msg":"Server running in development mode at port 3000"}
{"level":30,"time":1760153623368,"pid":13124,"hostname":"Aravind","msg":"Server running in development mode at port 3000"}
{"level":30,"time":1760153729661,"pid":14960,"hostname":"Aravind","msg":"Server running in development mode at port 3000"}
{"level":30,"time":1760153753259,"pid":10464,"hostname":"Aravind","msg":"Server running in development mode at port 3000"}
{"level":30,"time":1760153800580,"pid":11964,"hostname":"Aravind","msg":"Server running in development mode at port 3000"}
{"level":30,"time":1760153816227,"pid":10440,"hostname":"Aravind","msg":"Server running in development mode at port 3000"}
{"level":30,"time":1760153825993,"pid":2116,"hostname":"Aravind","msg":"Server running in development mode at port 3000"}
{"level":30,"time":1760153854376,"pid":18724,"hostname":"Aravind","msg":"Server running in development mode at port 3000"}
{"level":30,"time":1760153865190,"pid":5320,"hostname":"Aravind","msg":"Server running in development mode at port 3000"}
{"level":30,"time":1760153886197,"pid":4544,"hostname":"Aravind","msg":"Server running in development mode at port 3000"}
{"level":30,"time":1760153902908,"pid":17364,"hostname":"Aravind","msg":"Server running in development mode at port 3000"}
{"level":30,"time":1760153915560,"pid":984,"hostname":"Aravind","msg":"Server running in development mode at port 3000"}
{"level":30,"time":1760153922900,"pid":9364,"hostname":"Aravind","msg":"Server running in development mode at port 3000"}
{"level":30,"time":1760153949128,"pid":600,"hostname":"Aravind","msg":"Server running in development mode at port 3000"}
{"level":30,"time":1760153964993,"pid":10660,"hostname":"Aravind","msg":"Server running in development mode at port 3000"}
{"level":30,"time":1760153973081,"pid":15276,"hostname":"Aravind","msg":"Server running in development mode at port 3000"}
{"level":30,"time":1760153981418,"pid":20800,"hostname":"Aravind","msg":"Server running in development mode at port 3000"}
{"level":30,"time":1760153992731,"pid":17808,"hostname":"Aravind","msg":"Server running in development mode at port 3000"}
{"level":30,"time":1760154007086,"pid":9712,"hostname":"Aravind","msg":"Server running in development mode at port 3000"}
{"level":30,"time":1760154018075,"pid":18076,"hostname":"Aravind","msg":"Server running in development mode at port 3000"}
{"level":30,"time":1760154032553,"pid":19928,"hostname":"Aravind","msg":"Server running in development mode at port 3000"}
{"level":30,"time":1760154042866,"pid":19812,"hostname":"Aravind","msg":"Server running in development mode at port 3000"}
{"level":30,"time":1760154057682,"pid":21288,"hostname":"Aravind","msg":"Server running in development mode at port 3000"}
{"level":30,"time":1760154067230,"pid":9492,"hostname":"Aravind","msg":"Server running in development mode at port 3000"}
{"level":30,"time":1760154174003,"pid":3264,"hostname":"Aravind","msg":"Server running in development mode at port 3000"}
{"level":30,"time":1760154308980,"pid":20888,"hostname":"Aravind","msg":"Server running in development mode at port 3000"}
{"level":30,"time":1760154439579,"pid":14716,"hostname":"Aravind","msg":"Server running in development mode at port 3000"}
{"level":30,"time":1760154449211,"pid":8028,"hostname":"Aravind","msg":"Server running in development mode at port 3000"}
{"level":30,"time":1760154458428,"pid":20204,"hostname":"Aravind","msg":"Server running in development mode at port 3000"}
{"level":30,"time":1760154466102,"pid":6424,"hostname":"Aravind","msg":"Server running in development mode at port 3000"}
{"level":30,"time":1760154473965,"pid":16952,"hostname":"Aravind","msg":"Server running in development mode at port 3000"}
{"level":30,"time":1760154535269,"pid":16736,"hostname":"Aravind","msg":"Server running in development mode at port 3000"}
{"level":30,"time":1760154594636,"pid":17020,"hostname":"Aravind","msg":"Server running in development mode at port 3000"}
{"level":30,"time":1760154629177,"pid":9356,"hostname":"Aravind","msg":"Server running in development mode at port 3000"}
{"level":30,"time":1760154644191,"pid":16736,"hostname":"Aravind","msg":"Server running in development mode at port 3000"}
{"level":30,"time":1760154665207,"pid":11032,"hostname":"Aravind","msg":"Server running in development mode at port 3000"}
{"level":30,"time":1760154706840,"pid":18140,"hostname":"Aravind","msg":"Server running in development mode at port 3000"}
{"level":30,"time":1760154736950,"pid":7912,"hostname":"Aravind","msg":"Server running in development mode at port 3000"}
{"level":30,"time":1760154797592,"pid":19068,"hostname":"Aravind","msg":"Server running in development mode at port 3000"}
{"level":30,"time":1760154822064,"pid":20092,"hostname":"Aravind","msg":"Server running in development mode at port 3000"}
{"level":30,"time":1760154829180,"pid":3292,"hostname":"Aravind","msg":"Server running in development mode at port 3000"}
{"level":30,"time":1760154895831,"pid":14588,"hostname":"Aravind","msg":"Server running in development mode at port 3000"}
{"level":30,"time":1760154926610,"pid":5024,"hostname":"Aravind","msg":"Server running in development mode at port 3000"}
{"level":30,"time":1760154933469,"pid":13008,"hostname":"Aravind","msg":"Server running in development mode at port 3000"}
{"level":30,"time":1760154981586,"pid":5860,"hostname":"Aravind","msg":"Server running in development mode at port 3000"}
{"level":30,"time":1760155028735,"pid":6948,"hostname":"Aravind","msg":"Server running in development mode at port 3000"}
{"level":30,"time":1760155037856,"pid":6640,"hostname":"Aravind","msg":"Server running in development mode at port 3000"}
{"level":30,"time":1760155048802,"pid":20444,"hostname":"Aravind","msg":"Server running in development mode at port 3000"}
{"level":30,"time":1760155117608,"pid":5628,"hostname":"Aravind","msg":"Server running in development mode at port 3000"}
{"level":30,"time":1760155157782,"pid":19032,"hostname":"Aravind","msg":"Server running in development mode at port 3000"}
{"level":30,"time":1760155180964,"pid":13436,"hostname":"Aravind","msg":"Server running in development mode at port 3000"}
{"level":30,"time":1760155194324,"pid":2728,"hostname":"Aravind","msg":"Server running in development mode at port 3000"}
{"level":30,"time":1760155212913,"pid":11392,"hostname":"Aravind","msg":"Server running in development mode at port 3000"}
{"level":30,"time":1760155224082,"pid":14944,"hostname":"Aravind","msg":"Server running in development mode at port 3000"}
{"level":30,"time":1760155257362,"pid":18440,"hostname":"Aravind","msg":"Server running in development mode at port 3000"}
{"level":30,"time":1760155263731,"pid":4288,"hostname":"Aravind","msg":"Server running in development mode at port 3000"}
{"level":30,"time":1760155505383,"pid":13884,"hostname":"Aravind","msg":"Server running in development mode at port 3000"}
{"level":30,"time":1760155539463,"pid":6740,"hostname":"Aravind","msg":"Server running in development mode at port 3000"}
{"level":30,"time":1760155560183,"pid":17872,"hostname":"Aravind","msg":"Server running in development mode at port 3000"}
{"level":30,"time":1760155621507,"pid":380,"hostname":"Aravind","msg":"Server running in development mode at port 3000"}
{"level":30,"time":1760155636030,"pid":12628,"hostname":"Aravind","msg":"Server running in development mode at port 3000"}
{"level":30,"time":1760155802432,"pid":19532,"hostname":"Aravind","msg":"Server running in development mode at port 3000"}
{"level":30,"time":1760155812181,"pid":2080,"hostname":"Aravind","msg":"Server running in development mode at port 3000"}
{"level":30,"time":1760155836433,"pid":2748,"hostname":"Aravind","msg":"Server running in development mode at port 3000"}
{"level":30,"time":1760155842822,"pid":3224,"hostname":"Aravind","msg":"Server running in development mode at port 3000"}
{"level":30,"time":1760155862864,"pid":4948,"hostname":"Aravind","msg":"Server running in development mode at port 3000"}
{"level":30,"time":1760155876298,"pid":5748,"hostname":"Aravind","msg":"Server running in development mode at port 3000"}
{"level":30,"time":1760155886749,"pid":11148,"hostname":"Aravind","msg":"Server running in development mode at port 3000"}
{"level":30,"time":1760155897885,"pid":6876,"hostname":"Aravind","msg":"Server running in development mode at port 3000"}
{"level":30,"time":1760155921816,"pid":10212,"hostname":"Aravind","msg":"Server running in development mode at port 3000"}
{"level":30,"time":1760155961364,"pid":14160,"hostname":"Aravind","msg":"Server running in development mode at port 3000"}
{"level":30,"time":1760155994905,"pid":10124,"hostname":"Aravind","msg":"Server running in development mode at port 3000"}
{"level":30,"time":1760156011510,"pid":2564,"hostname":"Aravind","msg":"Server running in development mode at port 3000"}
{"level":30,"time":1760156049900,"pid":15024,"hostname":"Aravind","msg":"Server running in development mode at port 3000"}
{"level":30,"time":1760156069471,"pid":15440,"hostname":"Aravind","msg":"Server running in development mode at port 3000"}
{"level":30,"time":1760156085887,"pid":12212,"hostname":"Aravind","msg":"Server running in development mode at port 3000"}
{"level":30,"time":1760156093037,"pid":12220,"hostname":"Aravind","msg":"Server running in development mode at port 3000"}
{"level":30,"time":1760156101861,"pid":20800,"hostname":"Aravind","msg":"Server running in development mode at port 3000"}
{"level":30,"time":1760156116229,"pid":17208,"hostname":"Aravind","msg":"Server running in development mode at port 3000"}
{"level":30,"time":1760156140637,"pid":13096,"hostname":"Aravind","msg":"Server running in development mode at port 3000"}
{"level":30,"time":1760156204564,"pid":5484,"hostname":"Aravind","msg":"Server running in development mode at port 3000"}
{"level":30,"time":1760156263136,"pid":7356,"hostname":"Aravind","msg":"Server running in development mode at port 3000"}
{"level":30,"time":1760156274375,"pid":11964,"hostname":"Aravind","msg":"Server running in development mode at port 3000"}
{"level":30,"time":1760156284739,"pid":21408,"hostname":"Aravind","msg":"Server running in development mode at port 3000"}
{"level":30,"time":1760156295666,"pid":19784,"hostname":"Aravind","msg":"Server running in development mode at port 3000"}
{"level":30,"time":1760156894289,"pid":19148,"hostname":"Aravind","msg":"Server running in development mode at port 3000"}
{"level":30,"time":1760156915402,"pid":972,"hostname":"Aravind","msg":"Server running in development mode at port 3000"}
{"level":30,"time":1760157464022,"pid":2216,"hostname":"Aravind","msg":"Server running in development mode at port 3000"}
{"level":30,"time":1760157694103,"pid":20752,"hostname":"Aravind","msg":"Server running in development mode at port 3000"}
{"level":30,"time":1760157749129,"pid":1232,"hostname":"Aravind","msg":"Server running in development mode at port 3000"}
{"level":30,"time":1760157796351,"pid":19044,"hostname":"Aravind","msg":"Server running in development mode at port 3000"}
{"level":30,"time":1760157806466,"pid":13096,"hostname":"Aravind","msg":"Server running in development mode at port 3000"}
{"level":30,"time":1760157835065,"pid":19616,"hostname":"Aravind","msg":"Server running in development mode at port 3000"}
{"level":30,"time":1760157842066,"pid":18760,"hostname":"Aravind","msg":"Server running in development mode at port 3000"}
{"level":30,"time":1760157890597,"pid":14104,"hostname":"Aravind","msg":"Server running in development mode at port 3000"}
{"level":30,"time":1760157899723,"pid":19364,"hostname":"Aravind","msg":"Server running in development mode at port 3000"}
{"level":30,"time":1760157922295,"pid":21192,"hostname":"Aravind","msg":"Server running in development mode at port 3000"}
{"level":30,"time":1760158042097,"pid":3340,"hostname":"Aravind","msg":"Server running in development mode at port 3000"}
{"level":30,"time":1760158067646,"pid":9440,"hostname":"Aravind","msg":"Server running in development mode at port 3000"}
{"level":30,"time":1760158081599,"pid":17820,"hostname":"Aravind","msg":"Server running in development mode at port 3000"}
{"level":30,"time":1760158090954,"pid":5980,"hostname":"Aravind","msg":"Server running in development mode at port 3000"}
{"level":30,"time":1760158106405,"pid":19092,"hostname":"Aravind","msg":"Server running in development mode at port 3000"}
{"level":30,"time":1760158372140,"pid":21488,"hostname":"Aravind","msg":"Server running in development mode at port 3000"}
{"level":30,"time":1760158380374,"pid":9628,"hostname":"Aravind","msg":"Server running in development mode at port 3000"}
{"level":30,"time":1760158408416,"pid":388,"hostname":"Aravind","msg":"Server running in development mode at port 3000"}
{"level":30,"time":1760158420500,"pid":17804,"hostname":"Aravind","msg":"Server running in development mode at port 3000"}
{"level":30,"time":1760158440041,"pid":12816,"hostname":"Aravind","msg":"Server running in development mode at port 3000"}
{"level":30,"time":1760158478259,"pid":408,"hostname":"Aravind","msg":"Server running in development mode at port 3000"}
{"level":30,"time":1760158629943,"pid":10400,"hostname":"Aravind","msg":"Server running in development mode at port 3000"}
{"level":30,"time":1760158637426,"pid":20948,"hostname":"Aravind","msg":"Server running in development mode at port 3000"}
{"level":30,"time":1760158642766,"pid":7284,"hostname":"Aravind","msg":"Server running in development mode at port 3000"}
{"level":30,"time":1760158686993,"pid":10520,"hostname":"Aravind","msg":"Server running in development mode at port 3000"}
{"level":30,"time":1760158697119,"pid":5356,"hostname":"Aravind","msg":"Server running in development mode at port 3000"}
{"level":30,"time":1760158717675,"pid":16756,"hostname":"Aravind","msg":"Server running in development mode at port 3000"}
{"level":30,"time":1760158728493,"pid":17596,"hostname":"Aravind","msg":"Server running in development mode at port 3000"}
{"level":30,"time":1760158760060,"pid":15508,"hostname":"Aravind","msg":"Server running in development mode at port 3000"}
{"level":30,"time":1760158770041,"pid":3388,"hostname":"Aravind","msg":"Server running in development mode at port 3000"}
{"level":30,"time":1760158808165,"pid":20888,"hostname":"Aravind","msg":"Server running in development mode at port 3000"}
{"level":30,"time":1760158846988,"pid":6972,"hostname":"Aravind","msg":"Server running in development mode at port 3000"}
{"level":30,"time":1760158869043,"pid":3996,"hostname":"Aravind","msg":"Server running in development mode at port 3000"}
{"level":30,"time":1760158898194,"pid":8644,"hostname":"Aravind","msg":"Server running in development mode at port 3000"}
{"level":30,"time":1760158935316,"pid":14168,"hostname":"Aravind","msg":"Server running in development mode at port 3000"}
{"level":30,"time":1760158943176,"pid":16528,"hostname":"Aravind","msg":"Server running in development mode at port 3000"}
{"level":30,"time":1760158969537,"pid":3644,"hostname":"Aravind","msg":"Server running in development mode at port 3000"}
{"level":30,"time":1760159022145,"pid":10444,"hostname":"Aravind","msg":"Server running in development mode at port 3000"}
{"level":30,"time":1760159043808,"pid":15508,"hostname":"Aravind","msg":"Server running in development mode at port 3000"}
{"level":30,"time":1760159062482,"pid":11160,"hostname":"Aravind","msg":"Server running in development mode at port 3000"}
{"level":30,"time":1760159081576,"pid":15432,"hostname":"Aravind","msg":"Server running in development mode at port 3000"}
{"level":30,"time":1760159106621,"pid":6740,"hostname":"Aravind","msg":"Server running in development mode at port 3000"}
{"level":30,"time":1760159151413,"pid":6848,"hostname":"Aravind","msg":"Server running in development mode at port 3000"}
{"level":30,"time":1760159185833,"pid":19124,"hostname":"Aravind","msg":"Server running in development mode at port 3000"}
{"level":30,"time":1760159198000,"pid":13208,"hostname":"Aravind","msg":"Server running in development mode at port 3000"}
{"level":30,"time":1760159208594,"pid":11028,"hostname":"Aravind","msg":"Server running in development mode at port 3000"}
{"level":30,"time":1760159232521,"pid":4048,"hostname":"Aravind","msg":"Server running in development mode at port 3000"}
{"level":30,"time":1760159248158,"pid":8168,"hostname":"Aravind","msg":"Server running in development mode at port 3000"}
{"level":30,"time":1760159286404,"pid":17204,"hostname":"Aravind","msg":"Server running in development mode at port 3000"}
{"level":30,"time":1760159294680,"pid":10148,"hostname":"Aravind","msg":"Server running in development mode at port 3000"}
{"level":30,"time":1760159316152,"pid":9644,"hostname":"Aravind","msg":"Server running in development mode at port 3000"}
{"level":30,"time":1760159334818,"pid":19232,"hostname":"Aravind","msg":"Server running in development mode at port 3000"}
{"level":30,"time":1760159371245,"pid":6740,"hostname":"Aravind","msg":"Server running in development mode at port 3000"}
{"level":30,"time":1760159388537,"pid":5020,"hostname":"Aravind","msg":"Server running in development mode at port 3000"}
{"level":30,"time":1760159408982,"pid":3992,"hostname":"Aravind","msg":"Server running in development mode at port 3000"}
{"level":30,"time":1760159435271,"pid":12324,"hostname":"Aravind","msg":"Server running in development mode at port 3000"}
{"level":30,"time":1760159442075,"pid":20852,"hostname":"Aravind","msg":"Server running in development mode at port 3000"}
{"level":30,"time":1760159458611,"pid":14864,"hostname":"Aravind","msg":"Server running in development mode at port 3000"}
{"level":30,"time":1760171115444,"pid":20412,"hostname":"Aravind","msg":"Connected to Redis"}
{"level":30,"time":1760171115796,"pid":20412,"hostname":"Aravind","msg":"Mongoose connected to DB"}
{"level":30,"time":1760171115802,"pid":20412,"hostname":"Aravind","msg":"Server running in development mode at port 3000"}
{"level":40,"time":1760171155535,"pid":20412,"hostname":"Aravind","msg":"Failed to verify access token"}
{"level":40,"time":1760171155546,"pid":20412,"hostname":"Aravind","msg":"Failed to verify access token"}
{"level":30,"time":1760171155555,"pid":20412,"hostname":"Aravind","msg":"Token refresh request recieved"}
{"level":30,"time":1760171155577,"pid":20412,"hostname":"Aravind","msg":"Token refresh request recieved"}
{"level":30,"time":1760171155655,"pid":20412,"hostname":"Aravind","msg":"Access token genetated successfully"}
{"level":30,"time":1760171155655,"pid":20412,"hostname":"Aravind","msg":"Access token refreshed successfully"}
{"level":30,"time":1760171155661,"pid":20412,"hostname":"Aravind","msg":"Access token genetated successfully"}
{"level":30,"time":1760171155661,"pid":20412,"hostname":"Aravind","msg":"Access token refreshed successfully"}
{"level":30,"time":1760171155687,"pid":20412,"hostname":"Aravind","msg":"Request recieved to get instructor data for profile."}
{"level":30,"time":1760171155689,"pid":20412,"hostname":"Aravind","msg":"Instructor data fetched successfully"}
{"level":30,"time":1760171155700,"pid":20412,"hostname":"Aravind","msg":"Request recieved to get instructor data for profile."}
{"level":30,"time":1760171155704,"pid":20412,"hostname":"Aravind","msg":"Instructor data fetched successfully"}
{"level":50,"time":1760178118018,"pid":20412,"hostname":"Aravind","msg":"Redis error"}
{"level":30,"time":1760178118451,"pid":20412,"hostname":"Aravind","msg":"Connected to Redis"}
{"level":40,"time":1760178126088,"pid":20412,"hostname":"Aravind","msg":"Failed to verify access token"}
{"level":40,"time":1760178126113,"pid":20412,"hostname":"Aravind","msg":"Failed to verify access token"}
{"level":30,"time":1760178126137,"pid":20412,"hostname":"Aravind","msg":"Token refresh request recieved"}
{"level":30,"time":1760178126186,"pid":20412,"hostname":"Aravind","msg":"Access token genetated successfully"}
{"level":30,"time":1760178126186,"pid":20412,"hostname":"Aravind","msg":"Access token refreshed successfully"}
{"level":30,"time":1760178126464,"pid":20412,"hostname":"Aravind","msg":"Token refresh request recieved"}
{"level":30,"time":1760178126474,"pid":20412,"hostname":"Aravind","msg":"Access token genetated successfully"}
{"level":30,"time":1760178126474,"pid":20412,"hostname":"Aravind","msg":"Access token refreshed successfully"}
{"level":30,"time":1760178126521,"pid":20412,"hostname":"Aravind","msg":"Request recieved to get instructor data for profile."}
{"level":30,"time":1760178126537,"pid":20412,"hostname":"Aravind","msg":"Instructor data fetched successfully"}
{"level":30,"time":1760178126586,"pid":20412,"hostname":"Aravind","msg":"Request recieved to get instructor data for profile."}
{"level":30,"time":1760178126597,"pid":20412,"hostname":"Aravind","msg":"Instructor data fetched successfully"}
{"level":40,"time":1760179071898,"pid":20412,"hostname":"Aravind","msg":"Failed to verify access token"}
{"level":30,"time":1760179071919,"pid":20412,"hostname":"Aravind","msg":"Token refresh request recieved"}
{"level":30,"time":1760179071958,"pid":20412,"hostname":"Aravind","msg":"Access token genetated successfully"}
{"level":30,"time":1760179071958,"pid":20412,"hostname":"Aravind","msg":"Access token refreshed successfully"}
{"level":30,"time":1760179072008,"pid":20412,"hostname":"Aravind","msg":"Request recieved to apply for instructor verification."}
{"level":40,"time":1760179072013,"pid":20412,"hostname":"Aravind","msg":"Failed to apply for  instructor verification."}
{"level":30,"time":1760180535567,"pid":21416,"hostname":"Aravind","msg":"Connected to Redis"}
{"level":30,"time":1760180535886,"pid":21416,"hostname":"Aravind","msg":"Mongoose connected to DB"}
{"level":30,"time":1760180535891,"pid":21416,"hostname":"Aravind","msg":"Server running in development mode at port 3000"}
{"level":30,"time":1760180870500,"pid":8332,"hostname":"Aravind","msg":"Connected to Redis"}
{"level":30,"time":1760180870805,"pid":8332,"hostname":"Aravind","msg":"Mongoose connected to DB"}
{"level":30,"time":1760180870810,"pid":8332,"hostname":"Aravind","msg":"Server running in development mode at port 3000"}
{"level":40,"time":1760180875562,"pid":8332,"hostname":"Aravind","msg":"Failed to verify access token"}
{"level":30,"time":1760180875579,"pid":8332,"hostname":"Aravind","msg":"Token refresh request recieved"}
{"level":30,"time":1760180875611,"pid":8332,"hostname":"Aravind","msg":"Access token genetated successfully"}
{"level":30,"time":1760180875611,"pid":8332,"hostname":"Aravind","msg":"Access token refreshed successfully"}
{"level":30,"time":1760180875652,"pid":8332,"hostname":"Aravind","msg":"Request recieved to apply for instructor verification."}
{"level":40,"time":1760180875654,"pid":8332,"hostname":"Aravind","msg":"Failed to apply for  instructor verification."}
{"level":30,"time":1760180897090,"pid":8332,"hostname":"Aravind","msg":"Request recieved to apply for instructor verification."}
{"level":40,"time":1760180897096,"pid":8332,"hostname":"Aravind","msg":"Failed to apply for  instructor verification."}
{"level":30,"time":1760180934641,"pid":8332,"hostname":"Aravind","msg":"Request recieved to get instructor data for profile."}
{"level":30,"time":1760180934649,"pid":8332,"hostname":"Aravind","msg":"Instructor data fetched successfully"}
{"level":30,"time":1760180934664,"pid":8332,"hostname":"Aravind","msg":"Request recieved to get instructor data for profile."}
{"level":30,"time":1760180934670,"pid":8332,"hostname":"Aravind","msg":"Instructor data fetched successfully"}
{"level":30,"time":1760181837219,"pid":13024,"hostname":"Aravind","msg":"Connected to Redis"}
{"level":30,"time":1760181837725,"pid":13024,"hostname":"Aravind","msg":"Mongoose connected to DB"}
{"level":30,"time":1760181837744,"pid":13024,"hostname":"Aravind","msg":"Server running in development mode at port 3000"}
{"level":30,"time":1760182352836,"pid":18208,"hostname":"Aravind","msg":"Connected to Redis"}
{"level":30,"time":1760182353148,"pid":18208,"hostname":"Aravind","msg":"Mongoose connected to DB"}
{"level":30,"time":1760182353153,"pid":18208,"hostname":"Aravind","msg":"Server running in development mode at port 3000"}
{"level":30,"time":1760182531673,"pid":15184,"hostname":"Aravind","msg":"Connected to Redis"}
{"level":30,"time":1760182531953,"pid":15184,"hostname":"Aravind","msg":"Mongoose connected to DB"}
{"level":30,"time":1760182531960,"pid":15184,"hostname":"Aravind","msg":"Server running in development mode at port 3000"}
{"level":30,"time":1760187583295,"pid":19032,"hostname":"Aravind","msg":"Connected to Redis"}
{"level":30,"time":1760187583603,"pid":19032,"hostname":"Aravind","msg":"Mongoose connected to DB"}
{"level":30,"time":1760187583609,"pid":19032,"hostname":"Aravind","msg":"Server running in development mode at port 3000"}
{"level":50,"time":1760188172126,"pid":19032,"hostname":"Aravind","msg":"Redis error"}
{"level":30,"time":1760188172538,"pid":19032,"hostname":"Aravind","msg":"Connected to Redis"}
{"level":50,"time":1760188563065,"pid":19032,"hostname":"Aravind","msg":"Redis error"}
{"level":30,"time":1760188563466,"pid":19032,"hostname":"Aravind","msg":"Connected to Redis"}
{"level":50,"time":1760189650975,"pid":19032,"hostname":"Aravind","msg":"Redis error"}
{"level":50,"time":1760189651203,"pid":19032,"hostname":"Aravind","msg":"Redis error"}
{"level":50,"time":1760189651558,"pid":19032,"hostname":"Aravind","msg":"Redis error"}
{"level":50,"time":1760189651763,"pid":19032,"hostname":"Aravind","msg":"Redis error"}
{"level":50,"time":1760189652133,"pid":19032,"hostname":"Aravind","msg":"Redis error"}
{"level":50,"time":1760189652612,"pid":19032,"hostname":"Aravind","msg":"Redis error"}
{"level":50,"time":1760189653487,"pid":19032,"hostname":"Aravind","msg":"Redis error"}
{"level":30,"time":1760189656809,"pid":19032,"hostname":"Aravind","msg":"Connected to Redis"}
